Starting project at /app
Starting Metro Bundler
The following packages should be updated for best compatibility with the installed expo version:
  expo@54.0.20 - expected version: ~54.0.31
  expo-av@16.0.7 - expected version: ~16.0.8
  expo-camera@17.0.8 - expected version: ~17.0.10
  expo-constants@18.0.10 - expected version: ~18.0.13
  expo-device@8.0.9 - expected version: ~8.0.10
  expo-font@14.0.9 - expected version: ~14.0.10
  expo-haptics@15.0.7 - expected version: ~15.0.8
  expo-image@3.0.10 - expected version: ~3.0.11
  expo-image-picker@17.0.8 - expected version: ~17.0.10
  expo-linking@8.0.8 - expected version: ~8.0.11
  expo-location@19.0.7 - expected version: ~19.0.8
  expo-notifications@0.32.12 - expected version: ~0.32.16
  expo-router@6.0.13 - expected version: ~6.0.21
  expo-splash-screen@31.0.10 - expected version: ~31.0.13
  expo-status-bar@3.0.8 - expected version: ~3.0.9
  expo-symbols@1.0.7 - expected version: ~1.0.8
  expo-system-ui@6.0.8 - expected version: ~6.0.9
  expo-web-browser@15.0.8 - expected version: ~15.0.10
  eslint-config-expo@9.2.0 - expected version: ~10.0.0
Your project may not work correctly until you install the expected versions of the packages.
Waiting on http://localhost:8081
Logs for your project will appear below.
Web node_modules/expo-router/entry.js ░░░░░░░░░░░░░░░░  0.0% (0/1)
Web node_modules/expo-router/entry.js ▓▓▓░░░░░░░░░░░░░ 21.8% ( 35/195)
Web node_modules/expo-router/entry.js ▓▓▓▓░░░░░░░░░░░░ 26.5% (208/404)
Web node_modules/expo-router/entry.js ▓▓▓▓░░░░░░░░░░░░ 30.4% ( 456/2301)
Web node_modules/expo-router/entry.js ▓▓▓▓░░░░░░░░░░░░ 30.4% ( 541/2353)
Web node_modules/expo-router/entry.js ▓▓▓▓▓▓░░░░░░░░░░ 38.1% (1454/2356)
Web node_modules/expo-router/entry.js ▓▓▓▓▓▓▓▓▓▓▓▓▓░░░ 85.8% (2319/2523)
Web node_modules/expo-router/entry.js ▓▓▓▓▓▓▓▓▓▓▓▓▓▓░░ 89.6% (2669/2840)
Web node_modules/expo-router/entry.js ▓▓▓▓▓▓▓▓▓▓▓▓▓▓▓░ 95.4% (2998/3069)
Web Bundled 30090ms node_modules/expo-router/entry.js (3188 modules)
 LOG  [web] Logs will appear in the browser console
Web node_modules/expo-router/entry.js ░░░░░░░░░░░░░░░░  0.0% (0/1)
Web Bundled 238ms node_modules/expo-router/entry.js (1 module)
 LOG  [web] Logs will appear in the browser console
